[32] 15:20:11 | Iowa Law Review                     | Starting real collection (10 articles)
[32] 15:20:11 | Iowa Law Review                     | Article 1: Fetching HTML...
[32] 15:20:11 | Iowa Law Review                     |   Saved: iowa_law_review_______________Iowa_Law_Review____________.html (57KB)
[32] 15:20:11 | Iowa Law Review                     |   PDF URL: https://ilr.law.uiowa.edu/sites/ilr.law.uiowa.edu/files/2025
[32] 15:20:11 | Iowa Law Review                     |   ✗ PDF download failed
[32] 15:20:14 | Iowa Law Review                     | Article 2: Fetching HTML...
[32] 15:20:14 | Iowa Law Review                     |   Saved: iowa_law_review_______________Iowa_Law_Review____________.html (58KB)
[32] 15:20:14 | Iowa Law Review                     |   PDF URL: https://ilr.law.uiowa.edu/sites/ilr.law.uiowa.edu/files/2025
[32] 15:20:15 | Iowa Law Review                     |   ✓ PDF saved (466KB)
[32] 15:20:18 | Iowa Law Review                     | Article 3: Fetching HTML...
[32] 15:20:18 | Iowa Law Review                     |   Saved: iowa_law_review_______________Iowa_Law_Review____________.html (59KB)
[32] 15:20:18 | Iowa Law Review                     |   PDF URL: https://ilr.law.uiowa.edu/sites/ilr.law.uiowa.edu/files/2025
[32] 15:20:18 | Iowa Law Review                     |   ✓ PDF saved (421KB)
[32] 15:20:21 | Iowa Law Review                     | Article 4: Fetching HTML...
[32] 15:20:21 | Iowa Law Review                     |   Saved: iowa_law_review_______________Iowa_Law_Review____________.html (60KB)
[32] 15:20:21 | Iowa Law Review                     |   PDF URL: https://ilr.law.uiowa.edu/sites/ilr.law.uiowa.edu/files/2025
[32] 15:20:22 | Iowa Law Review                     |   ✓ PDF saved (565KB)
[32] 15:20:25 | Iowa Law Review                     | Article 5: Fetching HTML...
[32] 15:20:25 | Iowa Law Review                     |   Saved: iowa_law_review_______________Iowa_Law_Review____________.html (61KB)
[32] 15:20:25 | Iowa Law Review                     |   PDF URL: https://ilr.law.uiowa.edu/sites/ilr.law.uiowa.edu/files/2025
[32] 15:20:25 | Iowa Law Review                     |   ✓ PDF saved (615KB)
[32] 15:20:28 | Iowa Law Review                     | Article 6: Fetching HTML...
[32] 15:20:28 | Iowa Law Review                     |   Saved: iowa_law_review_______________Iowa_Law_Review____________.html (61KB)
[32] 15:20:28 | Iowa Law Review                     |   PDF URL: https://ilr.law.uiowa.edu/sites/ilr.law.uiowa.edu/files/2025
[32] 15:20:29 | Iowa Law Review                     |   ✓ PDF saved (688KB)
[32] 15:20:32 | Iowa Law Review                     | Article 7: Fetching HTML...
[32] 15:20:32 | Iowa Law Review                     |   Saved: iowa_law_review_______________Iowa_Law_Review____________.html (59KB)
[32] 15:20:32 | Iowa Law Review                     |   PDF URL: https://ilr.law.uiowa.edu/sites/ilr.law.uiowa.edu/files/2025
[32] 15:20:32 | Iowa Law Review                     |   ✓ PDF saved (735KB)
[32] 15:20:35 | Iowa Law Review                     | Article 8: Fetching HTML...
[32] 15:20:35 | Iowa Law Review                     |   Saved: iowa_law_review_______________Iowa_Law_Review____________.html (59KB)
[32] 15:20:35 | Iowa Law Review                     |   PDF URL: https://ilr.law.uiowa.edu/sites/ilr.law.uiowa.edu/files/2025
[32] 15:20:35 | Iowa Law Review                     |   ✓ PDF saved (439KB)
[32] 15:20:39 | Iowa Law Review                     | Article 9: Fetching HTML...
[32] 15:20:39 | Iowa Law Review                     |   Saved: iowa_law_review_______________Iowa_Law_Review____________.html (56KB)
[32] 15:20:39 | Iowa Law Review                     |   PDF URL: https://ilr.law.uiowa.edu/sites/ilr.law.uiowa.edu/files/2025
[32] 15:20:39 | Iowa Law Review                     |   ✓ PDF saved (496KB)
[32] 15:20:42 | Iowa Law Review                     | Article 10: Fetching HTML...
[32] 15:20:42 | Iowa Law Review                     |   Saved: iowa_law_review_______________Iowa_Law_Review____________.html (57KB)
[32] 15:20:42 | Iowa Law Review                     |   PDF URL: https://ilr.law.uiowa.edu/sites/ilr.law.uiowa.edu/files/2025
[32] 15:20:42 | Iowa Law Review                     |   ✓ PDF saved (460KB)
[32] 15:20:45 | Iowa Law Review                     | Done: 9 downloaded, 1 failed (35s)
