[18] 15:18:19 | Minnesota Law Review                | Starting real collection (10 articles)
[18] 15:18:20 | Minnesota Law Review                | Article 1: Fetching HTML...
[18] 15:18:20 | Minnesota Law Review                |   Saved: minnesota_law_review_____The_Bogeyman_of_Environmental_Regulation__Fede.html (50KB)
[18] 15:18:20 | Minnesota Law Review                |   PDF URL: https://minnesotalawreview.org/wp-content/uploads/2025/06/2T
[18] 15:18:20 | Minnesota Law Review                |   ✓ PDF saved (3486KB)
[18] 15:18:23 | Minnesota Law Review                | Article 2: Fetching HTML...
[18] 15:18:24 | Minnesota Law Review                |   Saved: minnesota_law_review_____The_Bogeyman_of_Environmental_Regulation__Fede.html (50KB)
[18] 15:18:24 | Minnesota Law Review                |   PDF URL: https://minnesotalawreview.org/wp-content/uploads/2025/06/2T
[18] 15:18:24 | Minnesota Law Review                |   ✓ PDF saved (3486KB)
[18] 15:18:27 | Minnesota Law Review                | Article 3: Fetching HTML...
[18] 15:18:27 | Minnesota Law Review                |   Saved: minnesota_law_review_____Filling_the_Sackett_Gap__The_Private_Governanc.html (49KB)
[18] 15:18:27 | Minnesota Law Review                |   PDF URL: https://minnesotalawreview.org/wp-content/uploads/2025/06/3V
[18] 15:18:28 | Minnesota Law Review                |   ✓ PDF saved (6249KB)
[18] 15:18:31 | Minnesota Law Review                | Article 4: Fetching HTML...
[18] 15:18:31 | Minnesota Law Review                |   Saved: minnesota_law_review_____Filling_the_Sackett_Gap__The_Private_Governanc.html (49KB)
[18] 15:18:31 | Minnesota Law Review                |   PDF URL: https://minnesotalawreview.org/wp-content/uploads/2025/06/3V
[18] 15:18:32 | Minnesota Law Review                |   ✓ PDF saved (6249KB)
[18] 15:18:35 | Minnesota Law Review                | Article 5: Fetching HTML...
[18] 15:18:35 | Minnesota Law Review                |   Saved: minnesota_law_review_____The_Impact_of_Loper_Bright_v__Raimondo__An_Emp.html (51KB)
[18] 15:18:35 | Minnesota Law Review                |   PDF URL: https://minnesotalawreview.org/wp-content/uploads/2025/06/4C
[18] 15:18:35 | Minnesota Law Review                |   ✓ PDF saved (5108KB)
[18] 15:18:38 | Minnesota Law Review                | Article 6: Fetching HTML...
[18] 15:18:39 | Minnesota Law Review                |   Saved: minnesota_law_review_____The_Impact_of_Loper_Bright_v__Raimondo__An_Emp.html (51KB)
[18] 15:18:39 | Minnesota Law Review                |   PDF URL: https://minnesotalawreview.org/wp-content/uploads/2025/06/4C
[18] 15:18:39 | Minnesota Law Review                |   ✓ PDF saved (5108KB)
[18] 15:18:42 | Minnesota Law Review                | Article 7: Fetching HTML...
[18] 15:18:42 | Minnesota Law Review                |   Saved: minnesota_law_review_____Water_Flowing_Down_Wall_Street_____.html (49KB)
[18] 15:18:42 | Minnesota Law Review                |   PDF URL: https://minnesotalawreview.org/wp-content/uploads/2025/06/5C
[18] 15:18:43 | Minnesota Law Review                |   ✓ PDF saved (6013KB)
[18] 15:18:46 | Minnesota Law Review                | Article 8: Fetching HTML...
[18] 15:18:46 | Minnesota Law Review                |   Saved: minnesota_law_review_____Water_Flowing_Down_Wall_Street_____.html (49KB)
[18] 15:18:46 | Minnesota Law Review                |   PDF URL: https://minnesotalawreview.org/wp-content/uploads/2025/06/5C
[18] 15:18:47 | Minnesota Law Review                |   ✓ PDF saved (6013KB)
[18] 15:18:50 | Minnesota Law Review                | Article 9: Fetching HTML...
[18] 15:18:50 | Minnesota Law Review                |   Saved: minnesota_law_review_____The_Four_Horsemen_of_the_New_Separation_of_Pow.html (54KB)
[18] 15:18:50 | Minnesota Law Review                |   PDF URL: https://minnesotalawreview.org/wp-content/uploads/2025/06/Ry
[18] 15:18:50 | Minnesota Law Review                |   ✓ PDF saved (1046KB)
[18] 15:18:53 | Minnesota Law Review                | Article 10: Fetching HTML...
[18] 15:18:54 | Minnesota Law Review                |   Saved: minnesota_law_review_____The_Four_Horsemen_of_the_New_Separation_of_Pow.html (54KB)
[18] 15:18:54 | Minnesota Law Review                |   PDF URL: https://minnesotalawreview.org/wp-content/uploads/2025/06/Ry
[18] 15:18:54 | Minnesota Law Review                |   ✓ PDF saved (1046KB)
[18] 15:18:57 | Minnesota Law Review                | Done: 10 downloaded, 0 failed (38s)
