================================================================================
Generating alignment CSVs for 73 articles
================================================================================

[1/73] academic_limbo__reforming_campus_speech_governance_for_students... ✅ (66 matched, 6 unmatched PDF, 3 unmatched HTML body, 0 unmatched HTML fn)
[2/73] afrofuturism_in_protest__dissent_and_revolution... ✅ (0 matched, 0 unmatched PDF, 17 unmatched HTML body, 27 unmatched HTML fn)
[3/73] bu_law_review_law_and_culture... ✅ (150 matched, 0 unmatched PDF, 2 unmatched HTML body, 0 unmatched HTML fn)
[4/73] bu_law_review_learning_from_history... ✅ (218 matched, 5 unmatched PDF, 1 unmatched HTML body, 14 unmatched HTML fn)
[5/73] bu_law_review_nil_compliance... ✅ (258 matched, 3 unmatched PDF, 19 unmatched HTML body, 6 unmatched HTML fn)
[6/73] bu_law_review_online_building_new_constitutional_jerusalem... ✅ (118 matched, 0 unmatched PDF, 26 unmatched HTML body, 58 unmatched HTML fn)
[7/73] bu_law_review_online_fourth_amendment_secure... ✅ (52 matched, 1 unmatched PDF, 1 unmatched HTML body, 1 unmatched HTML fn)
[8/73] bu_law_review_online_law_and_culture... ✅ (150 matched, 0 unmatched PDF, 2 unmatched HTML body, 0 unmatched HTML fn)
[9/73] bu_law_review_online_nil_compliance... ✅ (258 matched, 3 unmatched PDF, 19 unmatched HTML body, 6 unmatched HTML fn)
[10/73] bu_law_review_online_reasonable_yet_suspicious... ✅ (98 matched, 1 unmatched PDF, 1 unmatched HTML body, 2 unmatched HTML fn)
[11/73] california_law_review_affirmative-asylum... ✅ (845 matched, 6 unmatched PDF, 3 unmatched HTML body, 59 unmatched HTML fn)
[12/73] california_law_review_amazon-trademark...
✅ (1184 matched, 77 unmatched PDF, 1 unmatched HTML body, 28 unmatched HTML fn)
[13/73] california_law_review_incoherence-colorblind-constitution... ✅ (339 matched, 5 unmatched PDF, 2 unmatched HTML body, 5 unmatched HTML fn)
[14/73] california_law_review_indeterminacy-separation... ✅ (580 matched, 2 unmatched PDF, 5 unmatched HTML body, 9 unmatched HTML fn)
[15/73] california_law_review_judiciary-ada... ✅ (301 matched, 1 unmatched PDF, 3 unmatched HTML body, 9 unmatched HTML fn)
[16/73] california_law_review_loving-borders... ✅ (188 matched, 3 unmatched PDF, 3 unmatched HTML body, 2 unmatched HTML fn)
[17/73] california_law_review_morgan-democracy... ✅ (299 matched, 4 unmatched PDF, 2 unmatched HTML body, 37 unmatched HTML fn)
[18/73] california_law_review_new-conservationism... ✅ (614 matched, 7 unmatched PDF, 6 unmatched HTML body, 4 unmatched HTML fn)
[19/73] california_law_review_social-justice-conflicts... ✅ (694 matched, 2 unmatched PDF, 2 unmatched HTML body, 8 unmatched HTML fn)
[20/73] california_law_review_voter-pay... ✅ (449 matched, 5 unmatched PDF, 5 unmatched HTML body, 4 unmatched HTML fn)
[21/73] court_reform_for_progressives__a_primer_on_constitutional_considerations... ✅ (96 matched, 3 unmatched PDF, 3 unmatched HTML body, 1 unmatched HTML fn)
[22/73] fear_of_balancing__the_supreme_court_review__vol_2024... ✅ (209 matched, 3 unmatched PDF, 8 unmatched HTML body, 2 unmatched HTML fn)
[23/73] flexibility_resilience_are_essential_legal_skills... ✅ (54 matched, 7 unmatched PDF, 3 unmatched HTML body, 0 unmatched HTML fn)
[24/73] guaranteed__the_federal_education_duty... ✅ (0 matched, 0 unmatched PDF, 8 unmatched HTML body, 11 unmatched HTML fn)
[25/73] harvard_law_review_Background_Principles_And_The_General_Law_Of_Property... ✅ (267 matched, 28 unmatched PDF, 24 unmatched HTML body, 97 unmatched HTML fn)
[26/73] harvard_law_review_excited_delirium... ✅ (0 matched, 0 unmatched PDF, 22 unmatched HTML body, 57 unmatched HTML fn)
[27/73] harvard_law_review_forgotten_history_of_prison_law... ✅ (0 matched, 0 unmatched PDF, 18 unmatched HTML body, 35 unmatched HTML fn)
[28/73] harvard_law_review_law_and_lawlessness_of_immigration_detention... ✅ (0 matched, 0 unmatched PDF, 22 unmatched HTML body, 65 unmatched HTML fn)
[29/73] harvard_law_review_unwarranted_warrants... ✅ (0 matched, 0 unmatched PDF, 24 unmatched HTML body, 37 unmatched HTML fn)
[30/73] harvard_law_review_waste_property_and_useless_things... ✅ (0 matched, 0 unmatched PDF, 19 unmatched HTML body, 41 unmatched HTML fn)
[31/73] law_of_protest... ✅ (0 matched, 0 unmatched PDF, 16 unmatched HTML body, 59 unmatched HTML fn)
[32/73] michigan_law_review_citizen_shareholders_the_state_as_a_fiduciary_in_international_investment_law... ✅ (320 matched, 14 unmatched PDF, 68 unmatched HTML body, 85 unmatched HTML fn)
[33/73] michigan_law_review_good_cause_for_goodness_sake_a_new_approach_to_notice_and_comment_rulemaking... ✅ (232 matched, 22 unmatched PDF, 26 unmatched HTML body, 46 unmatched HTML fn)
[34/73] michigan_law_review_law_enforcement_privilege... ✅ (586 matched, 16 unmatched PDF, 68 unmatched HTML body, 116 unmatched HTML fn)
[35/73] michigan_law_review_spending_clause_standing... ✅ (449 matched, 8 unmatched PDF, 89 unmatched HTML body, 118 unmatched HTML fn)
[36/73] michigan_law_review_tort_law_in_a_world_of_scarce_compensatory_resources... ✅ (585 matched, 13 unmatched PDF, 97 unmatched HTML body, 101 unmatched HTML fn)
[37/73] nextgen_bar_success__a_student... ✅ (184 matched, 10 unmatched PDF, 25 unmatched HTML body, 6 unmatched HTML fn)
[38/73] overbroad_protest_laws... ✅ (0 matched, 0 unmatched PDF, 14 unmatched HTML body, 31 unmatched HTML fn)
[39/73] platform_liability_for_platform_manipulation... ✅ (92 matched, 374 unmatched PDF, 1 unmatched HTML body, 9 unmatched HTML fn)
[40/73] policing_campus_protest... ✅ (0 matched, 0 unmatched PDF, 20 unmatched HTML body, 64 unmatched HTML fn)
[41/73] purdue_pharma_and_the_new_bankruptcy_exceptionalism__the_supreme_court_review__vol_2024... ✅ (347 matched, 5 unmatched PDF, 11 unmatched HTML body, 0 unmatched HTML fn)
[42/73] sacred_thoughts_secular_harms... ✅ (177 matched, 3 unmatched PDF, 25 unmatched HTML body, 73 unmatched HTML fn)
[43/73] stategraft__facilitating_predatory_takings_by_eminent_domain... ✅ (24 matched, 1 unmatched PDF, 3 unmatched HTML body, 0 unmatched HTML fn)
[44/73] supreme_court_review_fear_of_balancing... ✅ (209 matched, 3 unmatched PDF, 8 unmatched HTML body, 2 unmatched HTML fn)
[45/73] supreme_court_review_purdue_pharma_and_the_new_bankruptcy_exceptionalism... ✅ (347 matched, 5 unmatched PDF, 11 unmatched HTML body, 0 unmatched HTML fn)
[46/73] supreme_court_review_the_presidency_after_trump_v_united_states... ✅ (418 matched, 3 unmatched PDF, 9 unmatched HTML body, 4 unmatched HTML fn)
[47/73] texas_law_review_battered-woman-syndrome... ✅ (218 matched, 3 unmatched PDF, 25 unmatched HTML body, 75 unmatched HTML fn)
[48/73] texas_law_review_contract-remedies-new-economy... ✅ (428 matched, 10 unmatched PDF, 53 unmatched HTML body, 63 unmatched HTML fn)
[49/73] texas_law_review_cryptocurrency-credit-risk... ✅ (725 matched, 6 unmatched PDF, 104 unmatched HTML body, 162 unmatched HTML fn)
[50/73] texas_law_review_discovery-dark-matter... ✅ (603 matched, 4 unmatched PDF, 49 unmatched HTML body, 150 unmatched HTML fn)
[51/73] texas_law_review_extraterritoriality-patent-infringement... ✅ (343 matched, 1 unmatched PDF, 34 unmatched HTML body, 104 unmatched HTML fn)
[52/73] texas_law_review_repealing-environmental-laws-magna-carta... ✅ (344 matched, 1 unmatched PDF, 29 unmatched HTML body, 98 unmatched HTML fn)
[53/73] texas_law_review_state-regulation-online-behavior... ✅ (352 matched, 9 unmatched PDF, 66 unmatched HTML body, 71 unmatched HTML fn)
[54/73] texas_law_review_systemically-important-technology... ✅ (531 matched, 12 unmatched PDF, 83 unmatched HTML body, 111 unmatched HTML fn)
[55/73] texas_law_review_technologies-of-violence... ✅ (535 matched, 13 unmatched PDF, 62 unmatched HTML body, 96 unmatched HTML fn)
[56/73] texas_law_review_video-analytics-fourth-amendment... ✅ (586 matched, 0 unmatched PDF, 112 unmatched HTML body, 172 unmatched HTML fn)
[57/73] texas_law_review_working-with-statutes... ✅ (640 matched, 27 unmatched PDF, 71 unmatched HTML body, 153 unmatched HTML fn)
[58/73] the_old_regime_and_the_loper_bright_revolution__the_supreme_court_review__vol_2024... ✅ (244 matched, 2 unmatched PDF, 6 unmatched HTML body, 4 unmatched HTML fn)
[59/73] the_presidency_after_trump_v_united_states__the_supreme_court_review__vol_2024... ✅ (418 matched, 3 unmatched PDF, 9 unmatched HTML body, 4 unmatched HTML fn)
[60/73] the_trump_disqualification_case__the_halleys_comet_of_constitutional_law__the_supreme_court_review__vol_2024... ✅ (254 matched, 8 unmatched PDF, 4 unmatched HTML body, 4 unmatched HTML fn)
[61/73] ucla_law_review_insurgent_knowledge_battling_cdcr_from_inside_the_system_the_story_of_the_essential_collaboration_be... ✅ (134 matched, 81 unmatched PDF, 40 unmatched HTML body, 27 unmatched HTML fn)
[62/73] usc_law_review_criminalization_an_exceptionally_american_response_to_homele... ✅ (376 matched, 7 unmatched PDF, 168 unmatched HTML body, 98 unmatched HTML fn)
[63/73] usc_law_review_fair_use_and_fair_price... ✅ (366 matched, 17 unmatched PDF, 93 unmatched HTML body, 107 unmatched HTML fn)
[64/73] usc_law_review_familial_dna_and_due_process_for_innocents... ✅ (611 matched, 13 unmatched PDF, 89 unmatched HTML body, 201 unmatched HTML fn)
[65/73] usc_law_review_fintech_and_techno_solutionism... ✅ (746 matched, 4 unmatched PDF, 69 unmatched HTML body, 117 unmatched HTML fn)
[66/73] usc_law_review_in_the_name_of_accountability... ✅ (258 matched, 4 unmatched PDF, 44 unmatched HTML body, 59 unmatched HTML fn)
[67/73] usc_law_review_islands_of_algorithmic_integrity_imagining_a_democratic_digi... ✅ (291 matched, 8 unmatched PDF, 44 unmatched HTML body, 69 unmatched HTML fn)
[68/73] usc_law_review_listening_on_campus_academic_freedom_and_its_audiences... ✅ (371 matched, 325 unmatched PDF, 61 unmatched HTML body, 107 unmatched HTML fn)
[69/73] usc_law_review_mind_the_gap_s_mitigating_harassment_in_a_post_metoo_workpla... ✅ (637 matched, 12 unmatched PDF, 310 unmatched HTML body, 136 unmatched HTML fn)
[70/73] usc_law_review_respecting_listeners_autonomy_the_right_to_be_left_alone... ✅ (263 matched, 6 unmatched PDF, 42 unmatched HTML body, 59 unmatched HTML fn)
[71/73] usc_law_review_the_default_rule_and_due_process_diverging_interpretations_o... ✅ (360 matched, 4 unmatched PDF, 48 unmatched HTML body, 110 unmatched HTML fn)
[72/73] virginia_law_review_the-unenumerated-power... ✅ (311 matched, 507 unmatched PDF, 4 unmatched HTML body, 13 unmatched HTML fn)
[73/73] wisconsin_law_review_marriage_equality_comes_to_wisconsin... ✅ (0 matched, 0 unmatched PDF, 43 unmatched HTML body, 187 unmatched HTML fn)

================================================================================
Summary Statistics
================================================================================
Total CSV rows: 30,561
  Matched PDF lines: 22,402
  Unmatched PDF lines: 1,736
  Unmatched HTML body paragraphs: 2,527
  Unmatched HTML footnotes: 3,896

✅ CSV files saved to: data/v3_data/v3_csv/
