[10] 15:16:53 | UCLA Law Review                     | Starting real collection (10 articles)
[10] 15:16:53 | UCLA Law Review                     | Article 1: Fetching HTML...
[10] 15:16:54 | UCLA Law Review                     |   Saved: ucla_law_review_Masthead.html (69KB)
[10] 15:16:54 | UCLA Law Review                     |   ⚠️  No PDF link found
[10] 15:16:54 | UCLA Law Review                     | Article 2: Fetching HTML...
[10] 15:16:54 | UCLA Law Review                     |   Saved: ucla_law_review_Volume_73.html (70KB)
[10] 15:16:54 | UCLA Law Review                     |   ⚠️  No PDF link found
[10] 15:16:54 | UCLA Law Review                     | Article 3: Fetching HTML...
[10] 15:16:55 | UCLA Law Review                     |   Saved: ucla_law_review_Volume_69_Masthead.html (76KB)
[10] 15:16:55 | UCLA Law Review                     |   ⚠️  No PDF link found
[10] 15:16:55 | UCLA Law Review                     | Article 4: Fetching HTML...
[10] 15:16:55 | UCLA Law Review                     |   Saved: ucla_law_review_Volume_68_Masthead.html (77KB)
[10] 15:16:55 | UCLA Law Review                     |   ⚠️  No PDF link found
[10] 15:16:55 | UCLA Law Review                     | Article 5: Fetching HTML...
[10] 15:16:55 | UCLA Law Review                     |   Saved: ucla_law_review_Volume_67_Masthead.html (78KB)
[10] 15:16:55 | UCLA Law Review                     |   ⚠️  No PDF link found
[10] 15:16:55 | UCLA Law Review                     | Article 6: Fetching HTML...
[10] 15:16:56 | UCLA Law Review                     |   Saved: ucla_law_review_Volume_70_Masthead.html (70KB)
[10] 15:16:56 | UCLA Law Review                     |   ⚠️  No PDF link found
[10] 15:16:56 | UCLA Law Review                     | Article 7: Fetching HTML...
[10] 15:16:56 | UCLA Law Review                     |   Saved: ucla_law_review_Volume_66_Masthead.html (77KB)
[10] 15:16:56 | UCLA Law Review                     |   ⚠️  No PDF link found
[10] 15:16:56 | UCLA Law Review                     | Article 8: Fetching HTML...
[10] 15:16:56 | UCLA Law Review                     |   Saved: ucla_law_review_Volume_69_Masthead.html (76KB)
[10] 15:16:56 | UCLA Law Review                     |   ⚠️  No PDF link found
[10] 15:16:56 | UCLA Law Review                     | Article 9: Fetching HTML...
[10] 15:16:57 | UCLA Law Review                     |   Saved: ucla_law_review_Volume_65_Masthead.html (78KB)
[10] 15:16:57 | UCLA Law Review                     |   ⚠️  No PDF link found
[10] 15:16:57 | UCLA Law Review                     | Article 10: Fetching HTML...
[10] 15:16:57 | UCLA Law Review                     |   Saved: ucla_law_review_Volume_64_Masthead.html (77KB)
[10] 15:16:57 | UCLA Law Review                     |   ⚠️  No PDF link found
[10] 15:16:57 | UCLA Law Review                     | Done: 0 downloaded, 0 failed (4s)
