[23] 15:19:42 | Vanderbilt Law Review               | Starting real collection (10 articles)
[23] 15:19:43 | Vanderbilt Law Review               | Article 1: Fetching HTML...
[23] 15:19:43 | Vanderbilt Law Review               |   Saved: vanderbilt_law_review_Goodbye__Zoning_.html (91KB)
[23] 15:19:43 | Vanderbilt Law Review               |   ⚠️  No PDF link found
[23] 15:19:43 | Vanderbilt Law Review               | Article 2: Fetching HTML...
[23] 15:19:44 | Vanderbilt Law Review               |   Saved: vanderbilt_law_review_The_Illusion_of_Stability_in_Family_Law.html (92KB)
[23] 15:19:44 | Vanderbilt Law Review               |   ⚠️  No PDF link found
[23] 15:19:44 | Vanderbilt Law Review               | Article 3: Fetching HTML...
[23] 15:19:45 | Vanderbilt Law Review               |   Saved: vanderbilt_law_review_A_Crust_of_Bread__Religious_Resistance_and_the_Fou.html (91KB)
[23] 15:19:45 | Vanderbilt Law Review               |   ⚠️  No PDF link found
[23] 15:19:45 | Vanderbilt Law Review               | Article 4: Fetching HTML...
[23] 15:19:45 | Vanderbilt Law Review               |   Saved: vanderbilt_law_review_Congress_s_Power_Over_the_Electoral_Count.html (92KB)
[23] 15:19:45 | Vanderbilt Law Review               |   ⚠️  No PDF link found
[23] 15:19:45 | Vanderbilt Law Review               | Article 5: Fetching HTML...
[23] 15:19:46 | Vanderbilt Law Review               |   Saved: vanderbilt_law_review_Defense_Wins_Championships__and_Labor_Disputes___H.html (93KB)
[23] 15:19:46 | Vanderbilt Law Review               |   ⚠️  No PDF link found
[23] 15:19:46 | Vanderbilt Law Review               | Article 6: Fetching HTML...
[23] 15:19:46 | Vanderbilt Law Review               |   Saved: vanderbilt_law_review__Vanderbilt_Law_Review___Vol_78___Iss_4_.html (79KB)
[23] 15:19:46 | Vanderbilt Law Review               |   ⚠️  No PDF link found
[23] 15:19:46 | Vanderbilt Law Review               | Done: 0 downloaded, 0 failed (4s)
