[21] 15:19:03 | Fordham Law Review                  | Starting real collection (10 articles)
[21] 15:19:04 | Fordham Law Review                  | Article 1: Fetching HTML...
[21] 15:19:05 | Fordham Law Review                  |   Saved: fordham_law_review_Law-Following_AI___Designing_AI_Agents_to_Obey_Hum.html (58KB)
[21] 15:19:05 | Fordham Law Review                  |   PDF URL: https://fordhamlawreview.org/wp-content/uploads/2025/09/Vol-
[21] 15:19:05 | Fordham Law Review                  |   ✓ PDF saved (800KB)
[21] 15:19:08 | Fordham Law Review                  | Article 2: Fetching HTML...
[21] 15:19:08 | Fordham Law Review                  |   Saved: fordham_law_review_Venturing_into_Health___Fordham_Law_Review.html (55KB)
[21] 15:19:08 | Fordham Law Review                  |   PDF URL: https://fordhamlawreview.org/wp-content/uploads/2025/09/Vol-
[21] 15:19:08 | Fordham Law Review                  |   ✓ PDF saved (604KB)
[21] 15:19:11 | Fordham Law Review                  | Article 3: Fetching HTML...
[21] 15:19:11 | Fordham Law Review                  |   Saved: fordham_law_review_Emotionally_Unstable___Addressing_Emotional_Distre.html (64KB)
[21] 15:19:11 | Fordham Law Review                  |   PDF URL: https://fordhamlawreview.org/wp-content/uploads/2025/09/Vol-
[21] 15:19:11 | Fordham Law Review                  |   ✓ PDF saved (529KB)
[21] 15:19:14 | Fordham Law Review                  | Article 4: Fetching HTML...
[21] 15:19:15 | Fordham Law Review                  |   Saved: fordham_law_review_Fixing_the_Fix___The_Case_for_Unifying_the_Remedia.html (64KB)
[21] 15:19:15 | Fordham Law Review                  |   PDF URL: https://fordhamlawreview.org/wp-content/uploads/2025/09/Vol-
[21] 15:19:15 | Fordham Law Review                  |   ✓ PDF saved (537KB)
[21] 15:19:18 | Fordham Law Review                  | Article 5: Fetching HTML...
[21] 15:19:18 | Fordham Law Review                  |   Saved: fordham_law_review_The_Presumption_Against_Extraterritoriality_and_Wi.html (63KB)
[21] 15:19:18 | Fordham Law Review                  |   PDF URL: https://fordhamlawreview.org/wp-content/uploads/2025/09/Vol-
[21] 15:19:18 | Fordham Law Review                  |   ✓ PDF saved (495KB)
[21] 15:19:21 | Fordham Law Review                  | Article 6: Fetching HTML...
[21] 15:19:21 | Fordham Law Review                  |   Saved: fordham_law_review_Is_Your_Data_Good__Bad__or_Neutral____Redefining_C.html (64KB)
[21] 15:19:21 | Fordham Law Review                  |   PDF URL: https://fordhamlawreview.org/wp-content/uploads/2025/09/Vol-
[21] 15:19:22 | Fordham Law Review                  |   ✓ PDF saved (448KB)
[21] 15:19:25 | Fordham Law Review                  | Article 7: Fetching HTML...
[21] 15:19:25 | Fordham Law Review                  |   Saved: fordham_law_review_When_the_Screen_Lies___Navigating_Privacy_and_Publ.html (63KB)
[21] 15:19:25 | Fordham Law Review                  |   PDF URL: https://fordhamlawreview.org/wp-content/uploads/2025/09/Vol-
[21] 15:19:25 | Fordham Law Review                  |   ✓ PDF saved (583KB)
[21] 15:19:28 | Fordham Law Review                  | Article 8: Fetching HTML...
[21] 15:19:28 | Fordham Law Review                  |   Saved: fordham_law_review_Are_Your_Secrets_Safe____Imposing_a_Fiduciary_Duty.html (63KB)
[21] 15:19:28 | Fordham Law Review                  |   PDF URL: https://fordhamlawreview.org/wp-content/uploads/2025/09/Vol-
[21] 15:19:28 | Fordham Law Review                  |   ✓ PDF saved (597KB)
[21] 15:19:31 | Fordham Law Review                  | Article 9: Fetching HTML...
[21] 15:19:31 | Fordham Law Review                  |   Saved: fordham_law_review_The_Roberts_Court_Paradox___Fordham_Law_Review.html (54KB)
[21] 15:19:31 | Fordham Law Review                  |   PDF URL: https://fordhamlawreview.org/wp-content/uploads/2025/09/Vol-
[21] 15:19:32 | Fordham Law Review                  |   ✓ PDF saved (648KB)
[21] 15:19:35 | Fordham Law Review                  | Article 10: Fetching HTML...
[21] 15:19:35 | Fordham Law Review                  |   Saved: fordham_law_review_Article_III_Standing_in_Federal_Prosecutions_of__V.html (258KB)
[21] 15:19:35 | Fordham Law Review                  |   PDF URL: https://fordhamlawreview.org/wp-content/uploads/2024/11/Vol.
[21] 15:19:35 | Fordham Law Review                  |   ✓ PDF saved (528KB)
[21] 15:19:38 | Fordham Law Review                  | Done: 10 downloaded, 0 failed (35s)
