[12] 15:17:01 | Georgetown Law Journal              | Starting real collection (10 articles)
[12] 15:17:02 | Georgetown Law Journal              | Article 1: Fetching HTML...
[12] 15:17:02 | Georgetown Law Journal              |   Saved: georgetown_law_journal________Georgetown_Law_Journal___.html (124KB)
[12] 15:17:02 | Georgetown Law Journal              |   ⚠️  No PDF link found
[12] 15:17:02 | Georgetown Law Journal              | Article 2: Fetching HTML...
[12] 15:17:02 | Georgetown Law Journal              |   Saved: georgetown_law_journal________Georgetown_Law_Journal___.html (124KB)
[12] 15:17:02 | Georgetown Law Journal              |   ⚠️  No PDF link found
[12] 15:17:02 | Georgetown Law Journal              | Article 3: Fetching HTML...
[12] 15:17:02 | Georgetown Law Journal              |   Saved: georgetown_law_journal________Georgetown_Law_Journal___.html (124KB)
[12] 15:17:02 | Georgetown Law Journal              |   ⚠️  No PDF link found
[12] 15:17:02 | Georgetown Law Journal              | Article 4: Fetching HTML...
[12] 15:17:02 | Georgetown Law Journal              |   Saved: georgetown_law_journal________Georgetown_Law_Journal___.html (123KB)
[12] 15:17:02 | Georgetown Law Journal              |   ⚠️  No PDF link found
[12] 15:17:02 | Georgetown Law Journal              | Article 5: Fetching HTML...
[12] 15:17:02 | Georgetown Law Journal              |   Saved: georgetown_law_journal________Georgetown_Law_Journal___.html (123KB)
[12] 15:17:02 | Georgetown Law Journal              |   ⚠️  No PDF link found
[12] 15:17:02 | Georgetown Law Journal              | Article 6: Fetching HTML...
[12] 15:17:02 | Georgetown Law Journal              |   Saved: georgetown_law_journal________Georgetown_Law_Journal___.html (123KB)
[12] 15:17:03 | Georgetown Law Journal              |   ⚠️  No PDF link found
[12] 15:17:03 | Georgetown Law Journal              | Article 7: Fetching HTML...
[12] 15:17:03 | Georgetown Law Journal              |   Saved: georgetown_law_journal________Georgetown_Law_Journal___.html (123KB)
[12] 15:17:03 | Georgetown Law Journal              |   ⚠️  No PDF link found
[12] 15:17:03 | Georgetown Law Journal              | Article 8: Fetching HTML...
[12] 15:17:03 | Georgetown Law Journal              |   Saved: georgetown_law_journal________Georgetown_Law_Journal___.html (122KB)
[12] 15:17:03 | Georgetown Law Journal              |   ⚠️  No PDF link found
[12] 15:17:03 | Georgetown Law Journal              | Article 9: Fetching HTML...
[12] 15:17:03 | Georgetown Law Journal              |   Saved: georgetown_law_journal________Georgetown_Law_Journal___.html (123KB)
[12] 15:17:03 | Georgetown Law Journal              |   ⚠️  No PDF link found
[12] 15:17:03 | Georgetown Law Journal              | Article 10: Fetching HTML...
[12] 15:17:03 | Georgetown Law Journal              |   Saved: georgetown_law_journal________Georgetown_Law_Journal___.html (123KB)
[12] 15:17:03 | Georgetown Law Journal              |   ⚠️  No PDF link found
[12] 15:17:03 | Georgetown Law Journal              | Done: 0 downloaded, 0 failed (2s)
