[ 5] 15:15:39 | University of Chicago Law Review    | Starting real collection (10 articles)
[ 5] 15:15:39 | University of Chicago Law Review    | Article 1: Fetching HTML...
[ 5] 15:15:40 | University of Chicago Law Review    |   Saved: university_of_chicago_law_review__Volume_92_6__October_2025__.html (191KB)
[ 5] 15:15:40 | University of Chicago Law Review    |   ⚠️  No PDF link found
[ 5] 15:15:40 | University of Chicago Law Review    | Article 2: Fetching HTML...
[ 5] 15:15:40 | University of Chicago Law Review    |   Saved: university_of_chicago_law_review__Volume_92_6__October_2025__.html (191KB)
[ 5] 15:15:40 | University of Chicago Law Review    |   ⚠️  No PDF link found
[ 5] 15:15:40 | University of Chicago Law Review    | Article 3: Fetching HTML...
[ 5] 15:15:40 | University of Chicago Law Review    |   Saved: university_of_chicago_law_review__Volume_92_5__September_2025__.html (190KB)
[ 5] 15:15:40 | University of Chicago Law Review    |   ⚠️  No PDF link found
[ 5] 15:15:40 | University of Chicago Law Review    | Article 4: Fetching HTML...
[ 5] 15:15:40 | University of Chicago Law Review    |   Saved: university_of_chicago_law_review__Volume_92_4__June_2025__.html (191KB)
[ 5] 15:15:40 | University of Chicago Law Review    |   ⚠️  No PDF link found
[ 5] 15:15:40 | University of Chicago Law Review    | Article 5: Fetching HTML...
[ 5] 15:15:40 | University of Chicago Law Review    |   Saved: university_of_chicago_law_review__Volume_92_3__May_2025__.html (192KB)
[ 5] 15:15:40 | University of Chicago Law Review    |   ⚠️  No PDF link found
[ 5] 15:15:40 | University of Chicago Law Review    | Article 6: Fetching HTML...
[ 5] 15:15:41 | University of Chicago Law Review    |   Saved: university_of_chicago_law_review__Volume_92_2__March_2025__.html (194KB)
[ 5] 15:15:41 | University of Chicago Law Review    |   ⚠️  No PDF link found
[ 5] 15:15:41 | University of Chicago Law Review    | Article 7: Fetching HTML...
[ 5] 15:15:41 | University of Chicago Law Review    |   Saved: university_of_chicago_law_review__Volume_92_1__January_2025__.html (194KB)
[ 5] 15:15:41 | University of Chicago Law Review    |   ⚠️  No PDF link found
[ 5] 15:15:41 | University of Chicago Law Review    | Article 8: Fetching HTML...
[ 5] 15:15:41 | University of Chicago Law Review    |   Saved: university_of_chicago_law_review__Volume_91_8__December_2024__.html (195KB)
[ 5] 15:15:41 | University of Chicago Law Review    |   ⚠️  No PDF link found
[ 5] 15:15:41 | University of Chicago Law Review    | Article 9: Fetching HTML...
[ 5] 15:15:41 | University of Chicago Law Review    |   Saved: university_of_chicago_law_review__Volume_91_7__November_2024__.html (192KB)
[ 5] 15:15:41 | University of Chicago Law Review    |   ⚠️  No PDF link found
[ 5] 15:15:41 | University of Chicago Law Review    | Article 10: Fetching HTML...
[ 5] 15:15:41 | University of Chicago Law Review    |   Saved: university_of_chicago_law_review__Volume_91_6__October_2024__.html (189KB)
[ 5] 15:15:41 | University of Chicago Law Review    |   ⚠️  No PDF link found
[ 5] 15:15:41 | University of Chicago Law Review    | Done: 0 downloaded, 0 failed (2s)
