[ 7] 15:16:14 | Virginia Law Review                 | Starting real collection (10 articles)
[ 7] 15:16:15 | Virginia Law Review                 | Article 1: Fetching HTML...
[ 7] 15:16:15 | Virginia Law Review                 |   Saved: virginia_law_review_Articles.html (53KB)
[ 7] 15:16:15 | Virginia Law Review                 |   ⚠️  No PDF link found
[ 7] 15:16:15 | Virginia Law Review                 | Article 2: Fetching HTML...
[ 7] 15:16:15 | Virginia Law Review                 |   Saved: virginia_law_review_Free_Speech__Breathing_Space__and_Liability_Insura.html (88KB)
[ 7] 15:16:15 | Virginia Law Review                 |   PDF URL: https://virginialawreview.org/wp-content/uploads/2025/09/Abr
[ 7] 15:16:15 | Virginia Law Review                 |   ✓ PDF saved (663KB)
[ 7] 15:16:18 | Virginia Law Review                 | Article 3: Fetching HTML...
[ 7] 15:16:19 | Virginia Law Review                 |   Saved: virginia_law_review_Deterring_Unenforceable_Terms.html (93KB)
[ 7] 15:16:19 | Virginia Law Review                 |   PDF URL: https://virginialawreview.org/wp-content/uploads/2025/09/Wil
[ 7] 15:16:19 | Virginia Law Review                 |   ✓ PDF saved (722KB)
[ 7] 15:16:22 | Virginia Law Review                 | Article 4: Fetching HTML...
[ 7] 15:16:22 | Virginia Law Review                 |   Saved: virginia_law_review_The_Association_Game__Applying_Noscitur_a_Sociis_a.html (72KB)
[ 7] 15:16:22 | Virginia Law Review                 |   PDF URL: https://virginialawreview.org/wp-content/uploads/2025/09/Zie
[ 7] 15:16:22 | Virginia Law Review                 |   ✓ PDF saved (591KB)
[ 7] 15:16:25 | Virginia Law Review                 | Article 5: Fetching HTML...
[ 7] 15:16:26 | Virginia Law Review                 |   Saved: virginia_law_review_Neo-Brandeis_Goes_to_Washington__A_Provisional_Ass.html (64KB)
[ 7] 15:16:26 | Virginia Law Review                 |   PDF URL: https://virginialawreview.org/wp-content/uploads/2025/09/Cra
[ 7] 15:16:26 | Virginia Law Review                 |   ✓ PDF saved (923KB)
[ 7] 15:16:29 | Virginia Law Review                 | Article 6: Fetching HTML...
[ 7] 15:16:29 | Virginia Law Review                 |   Saved: virginia_law_review_Fourth_Amendment_Trespass_and_Internet_Search_Hist.html (64KB)
[ 7] 15:16:29 | Virginia Law Review                 |   PDF URL: https://virginialawreview.org/wp-content/uploads/2025/08/Blo
[ 7] 15:16:29 | Virginia Law Review                 |   ✓ PDF saved (366KB)
[ 7] 15:16:32 | Virginia Law Review                 | Article 7: Fetching HTML...
[ 7] 15:16:32 | Virginia Law Review                 |   Saved: virginia_law_review_Neo-Brandeis_Goes_to_Washington__A_Provisional_Ass.html (64KB)
[ 7] 15:16:32 | Virginia Law Review                 |   PDF URL: https://virginialawreview.org/wp-content/uploads/2025/09/Cra
[ 7] 15:16:33 | Virginia Law Review                 |   ✓ PDF saved (923KB)
[ 7] 15:16:36 | Virginia Law Review                 | Article 8: Fetching HTML...
[ 7] 15:16:36 | Virginia Law Review                 |   Saved: virginia_law_review_Fourth_Amendment_Trespass_and_Internet_Search_Hist.html (64KB)
[ 7] 15:16:36 | Virginia Law Review                 |   PDF URL: https://virginialawreview.org/wp-content/uploads/2025/08/Blo
[ 7] 15:16:36 | Virginia Law Review                 |   ✓ PDF saved (366KB)
[ 7] 15:16:39 | Virginia Law Review                 | Article 9: Fetching HTML...
[ 7] 15:16:39 | Virginia Law Review                 |   Saved: virginia_law_review_Free_Speech_as_White_Privilege__Racialization__Sup.html (77KB)
[ 7] 15:16:39 | Virginia Law Review                 |   PDF URL: https://virginialawreview.org/wp-content/uploads/2025/06/Rey
[ 7] 15:16:39 | Virginia Law Review                 |   ✓ PDF saved (397KB)
[ 7] 15:16:42 | Virginia Law Review                 | Article 10: Fetching HTML...
[ 7] 15:16:43 | Virginia Law Review                 |   Saved: virginia_law_review_Articles.html (53KB)
[ 7] 15:16:43 | Virginia Law Review                 |   ⚠️  No PDF link found
[ 7] 15:16:43 | Virginia Law Review                 | Done: 8 downloaded, 0 failed (28s)
